<testsuites id="" name="" tests="4" failures="4" skipped="0" errors="0" time="17.998227">
<testsuite name="welcome.spec.ts" timestamp="2025-09-21T19:05:18.328Z" hostname="chromium" tests="4" failures="4" skipped="0" time="4.63" errors="0">
<testcase name="As a user visiting the Pet Clinic website › As a visitor, I want to see the welcome page, so that I can understand what the application is about" classname="welcome.spec.ts" time="2.949">
<failure message="welcome.spec.ts:6:7 As a visitor, I want to see the welcome page, so that I can understand what the application is about" type="FAILURE">
<![CDATA[  [chromium] › welcome.spec.ts:6:7 › As a user visiting the Pet Clinic website › As a visitor, I want to see the welcome page, so that I can understand what the application is about 

    Error: browserContext.newPage: Executable doesn't exist at /home/runner/.cache/ms-playwright/ffmpeg-1011/ffmpeg-linux
    ╔═════════════════════════════════════════════════════════════════════════╗
    ║ Looks like Playwright Test or Playwright was just installed or updated. ║
    ║ Please run the following command to download new browsers:              ║
    ║                                                                         ║
    ║     npx playwright install                                              ║
    ║                                                                         ║
    ║ <3 Playwright Team                                                      ║
    ╚═════════════════════════════════════════════════════════════════════════╝

    attachment #1: trace (application/zip) ─────────────────────────────────────────────────────────
    ../test-results/welcome-As-a-user-visiting-0e899-at-the-application-is-about-chromium/trace.zip
    Usage:

        npx playwright show-trace ../test-results/welcome-As-a-user-visiting-0e899-at-the-application-is-about-chromium/trace.zip

    ────────────────────────────────────────────────────────────────────────────────────────────────

    Retry #1 ───────────────────────────────────────────────────────────────────────────────────────

    Error: browserContext.newPage: Executable doesn't exist at /home/runner/.cache/ms-playwright/ffmpeg-1011/ffmpeg-linux
    ╔═════════════════════════════════════════════════════════════════════════╗
    ║ Looks like Playwright Test or Playwright was just installed or updated. ║
    ║ Please run the following command to download new browsers:              ║
    ║                                                                         ║
    ║     npx playwright install                                              ║
    ║                                                                         ║
    ║ <3 Playwright Team                                                      ║
    ╚═════════════════════════════════════════════════════════════════════════╝

    attachment #1: trace (application/zip) ─────────────────────────────────────────────────────────
    ../test-results/welcome-As-a-user-visiting-0e899-at-the-application-is-about-chromium-retry1/trace.zip
    Usage:

        npx playwright show-trace ../test-results/welcome-As-a-user-visiting-0e899-at-the-application-is-about-chromium-retry1/trace.zip

    ────────────────────────────────────────────────────────────────────────────────────────────────

    Retry #2 ───────────────────────────────────────────────────────────────────────────────────────

    Error: browserContext.newPage: Executable doesn't exist at /home/runner/.cache/ms-playwright/ffmpeg-1011/ffmpeg-linux
    ╔═════════════════════════════════════════════════════════════════════════╗
    ║ Looks like Playwright Test or Playwright was just installed or updated. ║
    ║ Please run the following command to download new browsers:              ║
    ║                                                                         ║
    ║     npx playwright install                                              ║
    ║                                                                         ║
    ║ <3 Playwright Team                                                      ║
    ╚═════════════════════════════════════════════════════════════════════════╝

    attachment #1: trace (application/zip) ─────────────────────────────────────────────────────────
    ../test-results/welcome-As-a-user-visiting-0e899-at-the-application-is-about-chromium-retry2/trace.zip
    Usage:

        npx playwright show-trace ../test-results/welcome-As-a-user-visiting-0e899-at-the-application-is-about-chromium-retry2/trace.zip

    ────────────────────────────────────────────────────────────────────────────────────────────────
]]>
</failure>
<system-out>
<![CDATA[
[[ATTACHMENT|welcome-As-a-user-visiting-0e899-at-the-application-is-about-chromium/trace.zip]]

[[ATTACHMENT|welcome-As-a-user-visiting-0e899-at-the-application-is-about-chromium-retry1/trace.zip]]

[[ATTACHMENT|welcome-As-a-user-visiting-0e899-at-the-application-is-about-chromium-retry2/trace.zip]]
]]>
</system-out>
</testcase>
<testcase name="As a user visiting the Pet Clinic website › As a visitor, I want to navigate through the main menu, so that I can access different sections of the application" classname="welcome.spec.ts" time="0.572">
<failure message="welcome.spec.ts:13:7 As a visitor, I want to navigate through the main menu, so that I can access different sections of the application" type="FAILURE">
<![CDATA[  [chromium] › welcome.spec.ts:13:7 › As a user visiting the Pet Clinic website › As a visitor, I want to navigate through the main menu, so that I can access different sections of the application 

    Error: browserContext.newPage: Executable doesn't exist at /home/runner/.cache/ms-playwright/ffmpeg-1011/ffmpeg-linux
    ╔═════════════════════════════════════════════════════════════════════════╗
    ║ Looks like Playwright Test or Playwright was just installed or updated. ║
    ║ Please run the following command to download new browsers:              ║
    ║                                                                         ║
    ║     npx playwright install                                              ║
    ║                                                                         ║
    ║ <3 Playwright Team                                                      ║
    ╚═════════════════════════════════════════════════════════════════════════╝

    attachment #1: trace (application/zip) ─────────────────────────────────────────────────────────
    ../test-results/welcome-As-a-user-visiting-de53f-sections-of-the-application-chromium/trace.zip
    Usage:

        npx playwright show-trace ../test-results/welcome-As-a-user-visiting-de53f-sections-of-the-application-chromium/trace.zip

    ────────────────────────────────────────────────────────────────────────────────────────────────

    Retry #1 ───────────────────────────────────────────────────────────────────────────────────────

    Error: browserContext.newPage: Executable doesn't exist at /home/runner/.cache/ms-playwright/ffmpeg-1011/ffmpeg-linux
    ╔═════════════════════════════════════════════════════════════════════════╗
    ║ Looks like Playwright Test or Playwright was just installed or updated. ║
    ║ Please run the following command to download new browsers:              ║
    ║                                                                         ║
    ║     npx playwright install                                              ║
    ║                                                                         ║
    ║ <3 Playwright Team                                                      ║
    ╚═════════════════════════════════════════════════════════════════════════╝

    attachment #1: trace (application/zip) ─────────────────────────────────────────────────────────
    ../test-results/welcome-As-a-user-visiting-de53f-sections-of-the-application-chromium-retry1/trace.zip
    Usage:

        npx playwright show-trace ../test-results/welcome-As-a-user-visiting-de53f-sections-of-the-application-chromium-retry1/trace.zip

    ────────────────────────────────────────────────────────────────────────────────────────────────

    Retry #2 ───────────────────────────────────────────────────────────────────────────────────────

    Error: browserContext.newPage: Executable doesn't exist at /home/runner/.cache/ms-playwright/ffmpeg-1011/ffmpeg-linux
    ╔═════════════════════════════════════════════════════════════════════════╗
    ║ Looks like Playwright Test or Playwright was just installed or updated. ║
    ║ Please run the following command to download new browsers:              ║
    ║                                                                         ║
    ║     npx playwright install                                              ║
    ║                                                                         ║
    ║ <3 Playwright Team                                                      ║
    ╚═════════════════════════════════════════════════════════════════════════╝

    attachment #1: trace (application/zip) ─────────────────────────────────────────────────────────
    ../test-results/welcome-As-a-user-visiting-de53f-sections-of-the-application-chromium-retry2/trace.zip
    Usage:

        npx playwright show-trace ../test-results/welcome-As-a-user-visiting-de53f-sections-of-the-application-chromium-retry2/trace.zip

    ────────────────────────────────────────────────────────────────────────────────────────────────
]]>
</failure>
<system-out>
<![CDATA[
[[ATTACHMENT|welcome-As-a-user-visiting-de53f-sections-of-the-application-chromium/trace.zip]]

[[ATTACHMENT|welcome-As-a-user-visiting-de53f-sections-of-the-application-chromium-retry1/trace.zip]]

[[ATTACHMENT|welcome-As-a-user-visiting-de53f-sections-of-the-application-chromium-retry2/trace.zip]]
]]>
</system-out>
</testcase>
<testcase name="As a user visiting the Pet Clinic website › As a visitor, I want the website to be responsive, so that I can use it on different devices" classname="welcome.spec.ts" time="0.543">
<failure message="welcome.spec.ts:30:7 As a visitor, I want the website to be responsive, so that I can use it on different devices" type="FAILURE">
<![CDATA[  [chromium] › welcome.spec.ts:30:7 › As a user visiting the Pet Clinic website › As a visitor, I want the website to be responsive, so that I can use it on different devices 

    Error: browserContext.newPage: Executable doesn't exist at /home/runner/.cache/ms-playwright/ffmpeg-1011/ffmpeg-linux
    ╔═════════════════════════════════════════════════════════════════════════╗
    ║ Looks like Playwright Test or Playwright was just installed or updated. ║
    ║ Please run the following command to download new browsers:              ║
    ║                                                                         ║
    ║     npx playwright install                                              ║
    ║                                                                         ║
    ║ <3 Playwright Team                                                      ║
    ╚═════════════════════════════════════════════════════════════════════════╝

    attachment #1: trace (application/zip) ─────────────────────────────────────────────────────────
    ../test-results/welcome-As-a-user-visiting-67d9d-use-it-on-different-devices-chromium/trace.zip
    Usage:

        npx playwright show-trace ../test-results/welcome-As-a-user-visiting-67d9d-use-it-on-different-devices-chromium/trace.zip

    ────────────────────────────────────────────────────────────────────────────────────────────────

    Retry #1 ───────────────────────────────────────────────────────────────────────────────────────

    Error: browserContext.newPage: Executable doesn't exist at /home/runner/.cache/ms-playwright/ffmpeg-1011/ffmpeg-linux
    ╔═════════════════════════════════════════════════════════════════════════╗
    ║ Looks like Playwright Test or Playwright was just installed or updated. ║
    ║ Please run the following command to download new browsers:              ║
    ║                                                                         ║
    ║     npx playwright install                                              ║
    ║                                                                         ║
    ║ <3 Playwright Team                                                      ║
    ╚═════════════════════════════════════════════════════════════════════════╝

    attachment #1: trace (application/zip) ─────────────────────────────────────────────────────────
    ../test-results/welcome-As-a-user-visiting-67d9d-use-it-on-different-devices-chromium-retry1/trace.zip
    Usage:

        npx playwright show-trace ../test-results/welcome-As-a-user-visiting-67d9d-use-it-on-different-devices-chromium-retry1/trace.zip

    ────────────────────────────────────────────────────────────────────────────────────────────────

    Retry #2 ───────────────────────────────────────────────────────────────────────────────────────

    Error: browserContext.newPage: Executable doesn't exist at /home/runner/.cache/ms-playwright/ffmpeg-1011/ffmpeg-linux
    ╔═════════════════════════════════════════════════════════════════════════╗
    ║ Looks like Playwright Test or Playwright was just installed or updated. ║
    ║ Please run the following command to download new browsers:              ║
    ║                                                                         ║
    ║     npx playwright install                                              ║
    ║                                                                         ║
    ║ <3 Playwright Team                                                      ║
    ╚═════════════════════════════════════════════════════════════════════════╝

    attachment #1: trace (application/zip) ─────────────────────────────────────────────────────────
    ../test-results/welcome-As-a-user-visiting-67d9d-use-it-on-different-devices-chromium-retry2/trace.zip
    Usage:

        npx playwright show-trace ../test-results/welcome-As-a-user-visiting-67d9d-use-it-on-different-devices-chromium-retry2/trace.zip

    ────────────────────────────────────────────────────────────────────────────────────────────────
]]>
</failure>
<system-out>
<![CDATA[
[[ATTACHMENT|welcome-As-a-user-visiting-67d9d-use-it-on-different-devices-chromium/trace.zip]]

[[ATTACHMENT|welcome-As-a-user-visiting-67d9d-use-it-on-different-devices-chromium-retry1/trace.zip]]

[[ATTACHMENT|welcome-As-a-user-visiting-67d9d-use-it-on-different-devices-chromium-retry2/trace.zip]]
]]>
</system-out>
</testcase>
<testcase name="As a user visiting the Pet Clinic website › As a visitor, I want to see the error page when something goes wrong, so that I get helpful feedback" classname="welcome.spec.ts" time="0.566">
<failure message="welcome.spec.ts:47:7 As a visitor, I want to see the error page when something goes wrong, so that I get helpful feedback" type="FAILURE">
<![CDATA[  [chromium] › welcome.spec.ts:47:7 › As a user visiting the Pet Clinic website › As a visitor, I want to see the error page when something goes wrong, so that I get helpful feedback 

    Error: browserContext.newPage: Executable doesn't exist at /home/runner/.cache/ms-playwright/ffmpeg-1011/ffmpeg-linux
    ╔═════════════════════════════════════════════════════════════════════════╗
    ║ Looks like Playwright Test or Playwright was just installed or updated. ║
    ║ Please run the following command to download new browsers:              ║
    ║                                                                         ║
    ║     npx playwright install                                              ║
    ║                                                                         ║
    ║ <3 Playwright Team                                                      ║
    ╚═════════════════════════════════════════════════════════════════════════╝

    attachment #1: trace (application/zip) ─────────────────────────────────────────────────────────
    ../test-results/welcome-As-a-user-visiting-5dd50-that-I-get-helpful-feedback-chromium/trace.zip
    Usage:

        npx playwright show-trace ../test-results/welcome-As-a-user-visiting-5dd50-that-I-get-helpful-feedback-chromium/trace.zip

    ────────────────────────────────────────────────────────────────────────────────────────────────

    Retry #1 ───────────────────────────────────────────────────────────────────────────────────────

    Error: browserContext.newPage: Executable doesn't exist at /home/runner/.cache/ms-playwright/ffmpeg-1011/ffmpeg-linux
    ╔═════════════════════════════════════════════════════════════════════════╗
    ║ Looks like Playwright Test or Playwright was just installed or updated. ║
    ║ Please run the following command to download new browsers:              ║
    ║                                                                         ║
    ║     npx playwright install                                              ║
    ║                                                                         ║
    ║ <3 Playwright Team                                                      ║
    ╚═════════════════════════════════════════════════════════════════════════╝

    attachment #1: trace (application/zip) ─────────────────────────────────────────────────────────
    ../test-results/welcome-As-a-user-visiting-5dd50-that-I-get-helpful-feedback-chromium-retry1/trace.zip
    Usage:

        npx playwright show-trace ../test-results/welcome-As-a-user-visiting-5dd50-that-I-get-helpful-feedback-chromium-retry1/trace.zip

    ────────────────────────────────────────────────────────────────────────────────────────────────

    Retry #2 ───────────────────────────────────────────────────────────────────────────────────────

    Error: browserContext.newPage: Executable doesn't exist at /home/runner/.cache/ms-playwright/ffmpeg-1011/ffmpeg-linux
    ╔═════════════════════════════════════════════════════════════════════════╗
    ║ Looks like Playwright Test or Playwright was just installed or updated. ║
    ║ Please run the following command to download new browsers:              ║
    ║                                                                         ║
    ║     npx playwright install                                              ║
    ║                                                                         ║
    ║ <3 Playwright Team                                                      ║
    ╚═════════════════════════════════════════════════════════════════════════╝

    attachment #1: trace (application/zip) ─────────────────────────────────────────────────────────
    ../test-results/welcome-As-a-user-visiting-5dd50-that-I-get-helpful-feedback-chromium-retry2/trace.zip
    Usage:

        npx playwright show-trace ../test-results/welcome-As-a-user-visiting-5dd50-that-I-get-helpful-feedback-chromium-retry2/trace.zip

    ────────────────────────────────────────────────────────────────────────────────────────────────
]]>
</failure>
<system-out>
<![CDATA[
[[ATTACHMENT|welcome-As-a-user-visiting-5dd50-that-I-get-helpful-feedback-chromium/trace.zip]]

[[ATTACHMENT|welcome-As-a-user-visiting-5dd50-that-I-get-helpful-feedback-chromium-retry1/trace.zip]]

[[ATTACHMENT|welcome-As-a-user-visiting-5dd50-that-I-get-helpful-feedback-chromium-retry2/trace.zip]]
]]>
</system-out>
</testcase>
</testsuite>
</testsuites>